<?xml version="1.0" encoding="UTF-8"?>
<testng-results ignored="0" total="2" passed="2" failed="0" skipped="0">
  <reporter-output>
  </reporter-output>
  <suite started-at="2023-12-21T00:31:16Z" name="Suite" finished-at="2023-12-21T00:31:19Z" duration-ms="3205">
    <groups>
      <group name="cucumber">
        <method signature="AbstractTestNGCucumberTests.runScenario(io.cucumber.testng.PickleWrapper, io.cucumber.testng.FeatureWrapper)[pri:0, instance:com.runner.LoginRunner@1ef6d34c]" name="runScenario" class="io.cucumber.testng.AbstractTestNGCucumberTests"/>
        <method signature="AbstractTestNGCucumberTests.runScenario(io.cucumber.testng.PickleWrapper, io.cucumber.testng.FeatureWrapper)[pri:0, instance:com.runner.LogoutRunner@46271dd6]" name="runScenario" class="io.cucumber.testng.AbstractTestNGCucumberTests"/>
      </group> <!-- cucumber -->
    </groups>
    <test started-at="2023-12-21T00:31:16Z" name="Test" finished-at="2023-12-21T00:31:19Z" duration-ms="3205">
      <class name="com.runner.LogoutRunner">
        <test-method is-config="true" signature="setUpClass()[pri:0, instance:com.runner.LogoutRunner@46271dd6]" started-at="2023-12-21T00:31:18Z" name="setUpClass" finished-at="2023-12-21T00:31:18Z" duration-ms="19" status="PASS">
          <reporter-output>
          </reporter-output>
        </test-method> <!-- setUpClass -->
        <test-method signature="runScenario(io.cucumber.testng.PickleWrapper, io.cucumber.testng.FeatureWrapper)[pri:0, instance:com.runner.LogoutRunner@46271dd6]" started-at="2023-12-21T00:31:18Z" name="runScenario" description="Runs Cucumber Scenarios" data-provider="scenarios" finished-at="2023-12-21T00:31:18Z" duration-ms="16" status="PASS">
          <params>
            <param index="0">
              <value>
                <![CDATA["As a loggedin user I want to logout from Parabank website"]]>
              </value>
            </param>
            <param index="1">
              <value>
                <![CDATA["Optional[Parabank logout testing]"]]>
              </value>
            </param>
          </params>
          <reporter-output>
          </reporter-output>
        </test-method> <!-- runScenario -->
        <test-method is-config="true" signature="tearDownClass()[pri:0, instance:com.runner.LogoutRunner@46271dd6]" started-at="2023-12-21T00:31:18Z" name="tearDownClass" finished-at="2023-12-21T00:31:19Z" duration-ms="806" status="PASS">
          <reporter-output>
          </reporter-output>
        </test-method> <!-- tearDownClass -->
      </class> <!-- com.runner.LogoutRunner -->
      <class name="com.runner.LoginRunner">
        <test-method is-config="true" signature="setup()[pri:0, instance:com.runner.LoginRunner@1ef6d34c]" started-at="2023-12-21T00:31:16Z" name="setup" finished-at="2023-12-21T00:31:16Z" duration-ms="6" status="PASS">
          <reporter-output>
          </reporter-output>
        </test-method> <!-- setup -->
        <test-method is-config="true" signature="setup()[pri:0, instance:com.runner.LogoutRunner@46271dd6]" started-at="2023-12-21T00:31:16Z" name="setup" finished-at="2023-12-21T00:31:16Z" duration-ms="1" status="PASS">
          <reporter-output>
          </reporter-output>
        </test-method> <!-- setup -->
        <test-method is-config="true" signature="setUpClass()[pri:0, instance:com.runner.LoginRunner@1ef6d34c]" started-at="2023-12-21T00:31:16Z" name="setUpClass" finished-at="2023-12-21T00:31:17Z" duration-ms="562" status="PASS">
          <reporter-output>
          </reporter-output>
        </test-method> <!-- setUpClass -->
        <test-method signature="runScenario(io.cucumber.testng.PickleWrapper, io.cucumber.testng.FeatureWrapper)[pri:0, instance:com.runner.LoginRunner@1ef6d34c]" started-at="2023-12-21T00:31:17Z" name="runScenario" description="Runs Cucumber Scenarios" data-provider="scenarios" finished-at="2023-12-21T00:31:17Z" duration-ms="168" status="PASS">
          <params>
            <param index="0">
              <value>
                <![CDATA["As a user I want to login Parabank website using valid credentials"]]>
              </value>
            </param>
            <param index="1">
              <value>
                <![CDATA["Optional[Parabank login testing]"]]>
              </value>
            </param>
          </params>
          <reporter-output>
          </reporter-output>
        </test-method> <!-- runScenario -->
        <test-method is-config="true" signature="tearDownClass()[pri:0, instance:com.runner.LoginRunner@1ef6d34c]" started-at="2023-12-21T00:31:17Z" name="tearDownClass" finished-at="2023-12-21T00:31:18Z" duration-ms="1612" status="PASS">
          <reporter-output>
          </reporter-output>
        </test-method> <!-- tearDownClass -->
      </class> <!-- com.runner.LoginRunner -->
    </test> <!-- Test -->
  </suite> <!-- Suite -->
</testng-results>
