<?xml version="1.0" encoding="UTF-8"?>
<testng-results ignored="0" total="2" passed="2" failed="0" skipped="0">
  <reporter-output>
  </reporter-output>
  <suite started-at="2024-01-09T21:57:25Z" name="Suite" finished-at="2024-01-09T21:57:28Z" duration-ms="3070">
    <groups>
      <group name="cucumber">
        <method signature="AbstractTestNGCucumberTests.runScenario(io.cucumber.testng.PickleWrapper, io.cucumber.testng.FeatureWrapper)[pri:0, instance:com.runner.LoginRunner@7c51f34b]" name="runScenario" class="io.cucumber.testng.AbstractTestNGCucumberTests"/>
        <method signature="AbstractTestNGCucumberTests.runScenario(io.cucumber.testng.PickleWrapper, io.cucumber.testng.FeatureWrapper)[pri:0, instance:com.runner.LogoutRunner@5495333e]" name="runScenario" class="io.cucumber.testng.AbstractTestNGCucumberTests"/>
      </group> <!-- cucumber -->
    </groups>
    <test started-at="2024-01-09T21:57:25Z" name="Test" finished-at="2024-01-09T21:57:28Z" duration-ms="3070">
      <class name="com.runner.LogoutRunner">
        <test-method is-config="true" signature="setUpClass()[pri:0, instance:com.runner.LogoutRunner@5495333e]" started-at="2024-01-09T21:57:27Z" name="setUpClass" finished-at="2024-01-09T21:57:27Z" duration-ms="44" status="PASS">
          <reporter-output>
          </reporter-output>
        </test-method> <!-- setUpClass -->
        <test-method signature="runScenario(io.cucumber.testng.PickleWrapper, io.cucumber.testng.FeatureWrapper)[pri:0, instance:com.runner.LogoutRunner@5495333e]" started-at="2024-01-09T21:57:27Z" name="runScenario" description="Runs Cucumber Scenarios" data-provider="scenarios" finished-at="2024-01-09T21:57:27Z" duration-ms="25" status="PASS">
          <params>
            <param index="0">
              <value>
                <![CDATA["As a loggedin user I want to logout from Parabank website"]]>
              </value>
            </param>
            <param index="1">
              <value>
                <![CDATA["Optional[Parabank logout testing]"]]>
              </value>
            </param>
          </params>
          <reporter-output>
          </reporter-output>
        </test-method> <!-- runScenario -->
        <test-method is-config="true" signature="tearDownClass()[pri:0, instance:com.runner.LogoutRunner@5495333e]" started-at="2024-01-09T21:57:27Z" name="tearDownClass" finished-at="2024-01-09T21:57:28Z" duration-ms="827" status="PASS">
          <reporter-output>
          </reporter-output>
        </test-method> <!-- tearDownClass -->
      </class> <!-- com.runner.LogoutRunner -->
      <class name="com.runner.LoginRunner">
        <test-method is-config="true" signature="setup()[pri:0, instance:com.runner.LoginRunner@7c51f34b]" started-at="2024-01-09T21:57:25Z" name="setup" finished-at="2024-01-09T21:57:25Z" duration-ms="8" status="PASS">
          <reporter-output>
          </reporter-output>
        </test-method> <!-- setup -->
        <test-method is-config="true" signature="setup()[pri:0, instance:com.runner.LogoutRunner@5495333e]" started-at="2024-01-09T21:57:25Z" name="setup" finished-at="2024-01-09T21:57:25Z" duration-ms="0" status="PASS">
          <reporter-output>
          </reporter-output>
        </test-method> <!-- setup -->
        <test-method is-config="true" signature="setUpClass()[pri:0, instance:com.runner.LoginRunner@7c51f34b]" started-at="2024-01-09T21:57:25Z" name="setUpClass" finished-at="2024-01-09T21:57:25Z" duration-ms="400" status="PASS">
          <reporter-output>
          </reporter-output>
        </test-method> <!-- setUpClass -->
        <test-method signature="runScenario(io.cucumber.testng.PickleWrapper, io.cucumber.testng.FeatureWrapper)[pri:0, instance:com.runner.LoginRunner@7c51f34b]" started-at="2024-01-09T21:57:25Z" name="runScenario" description="Runs Cucumber Scenarios" data-provider="scenarios" finished-at="2024-01-09T21:57:25Z" duration-ms="152" status="PASS">
          <params>
            <param index="0">
              <value>
                <![CDATA["As a user I want to login Parabank website using valid credentials"]]>
              </value>
            </param>
            <param index="1">
              <value>
                <![CDATA["Optional[Parabank login testing]"]]>
              </value>
            </param>
          </params>
          <reporter-output>
          </reporter-output>
        </test-method> <!-- runScenario -->
        <test-method is-config="true" signature="tearDownClass()[pri:0, instance:com.runner.LoginRunner@7c51f34b]" started-at="2024-01-09T21:57:25Z" name="tearDownClass" finished-at="2024-01-09T21:57:27Z" duration-ms="1593" status="PASS">
          <reporter-output>
          </reporter-output>
        </test-method> <!-- tearDownClass -->
      </class> <!-- com.runner.LoginRunner -->
    </test> <!-- Test -->
  </suite> <!-- Suite -->
</testng-results>
